2018-06-25 00:20:59.086  INFO 17912 --- [main] c.i.epayments.EpaymentApplication        : Starting EpaymentApplication on DESKTOP-55TQD4S with PID 17912 (C:\Mukesh\git\ingenico\epayment\target\classes started by Devoteam in C:\Mukesh\git\ingenico\epayment)
2018-06-25 00:20:59.092  INFO 17912 --- [main] c.i.epayments.EpaymentApplication        : No active profile set, falling back to default profiles: default
2018-06-25 00:20:59.135  INFO 17912 --- [main] ConfigServletWebServerApplicationContext : Refreshing org.springframework.boot.web.servlet.context.AnnotationConfigServletWebServerApplicationContext@11398412: startup date [Mon Jun 25 00:20:59 CEST 2018]; root of context hierarchy
2018-06-25 00:21:00.004  INFO 17912 --- [main] trationDelegate$BeanPostProcessorChecker : Bean 'org.springframework.ws.config.annotation.DelegatingWsConfiguration' of type [org.springframework.ws.config.annotation.DelegatingWsConfiguration$$EnhancerBySpringCGLIB$$ae6ca899] is not eligible for getting processed by all BeanPostProcessors (for example: not eligible for auto-proxying)
2018-06-25 00:21:00.052  INFO 17912 --- [main] .w.s.a.s.AnnotationActionEndpointMapping : Supporting [WS-Addressing August 2004, WS-Addressing 1.0]
2018-06-25 00:21:00.493  INFO 17912 --- [main] o.s.b.w.embedded.tomcat.TomcatWebServer  : Tomcat initialized with port(s): 8092 (http)
2018-06-25 00:21:00.541  INFO 17912 --- [main] o.apache.catalina.core.StandardService   : Starting service [Tomcat]
2018-06-25 00:21:00.542  INFO 17912 --- [main] org.apache.catalina.core.StandardEngine  : Starting Servlet Engine: Apache Tomcat/8.5.31
2018-06-25 00:21:00.559  INFO 17912 --- [localhost-startStop-1] o.a.catalina.core.AprLifecycleListener   : The APR based Apache Tomcat Native library which allows optimal performance in production environments was not found on the java.library.path: [C:\Program Files\Java\jdk1.8.0_162\bin;C:\WINDOWS\Sun\Java\bin;C:\WINDOWS\system32;C:\WINDOWS;C:\tibco\tibrv\8.4\bin;C:\ProgramData\Oracle\Java\javapath;C:\Program Files (x86)\Intel\iCLS Client\;C:\Program Files\Intel\iCLS Client\;C:\Windows\system32;C:\Windows;C:\Windows\System32\Wbem;C:\Windows\System32\WindowsPowerShell\v1.0\;C:\Program Files (x86)\Intel\Intel(R) Management Engine Components\DAL;C:\Program Files\Intel\Intel(R) Management Engine Components\DAL;C:\Program Files (x86)\Intel\Intel(R) Management Engine Components\IPT;C:\Program Files\Intel\Intel(R) Management Engine Components\IPT;C:\Program Files (x86)\NVIDIA Corporation\PhysX\Common;C:\Users\Devoteam\AppData\Local\Temp\LRE3CEC.tmp\bin;C:\Program Files\Git\cmd;C:\Program Files\apache-maven-3.5.3\bin;C:\Program Files\Java\jdk1.8.0_162;C:\Program Files\Java\jdk1.8.0_162\bin;C:\Program Files\Java\jre1.7.0_80\bin;C:\WINDOWS\system32;C:\WINDOWS;C:\WINDOWS\System32\Wbem;C:\WINDOWS\System32\WindowsPowerShell\v1.0\;C:\WINDOWS\System32\OpenSSH\;C:\sw\minishift-1.15.1-windows-amd64;C:\Users\Devoteam\AppData\Local\Microsoft\WindowsApps;C:\ProgramData\Devoteam\GitHubDesktop\bin;C:\Users\Devoteam\AppData\Local\GitHubDesktop\bin;.]
2018-06-25 00:21:00.666  INFO 17912 --- [localhost-startStop-1] o.a.c.c.C.[Tomcat].[localhost].[/]       : Initializing Spring embedded WebApplicationContext
2018-06-25 00:21:00.667  INFO 17912 --- [localhost-startStop-1] o.s.web.context.ContextLoader            : Root WebApplicationContext: initialization completed in 1532 ms
2018-06-25 00:21:00.844  INFO 17912 --- [localhost-startStop-1] o.s.b.w.servlet.ServletRegistrationBean  : Servlet dispatcherServlet mapped to [/]
2018-06-25 00:21:00.847  INFO 17912 --- [localhost-startStop-1] o.s.b.w.servlet.ServletRegistrationBean  : Servlet messageDispatcherServlet mapped to [/services/*]
2018-06-25 00:21:00.854  INFO 17912 --- [localhost-startStop-1] o.s.b.w.servlet.FilterRegistrationBean   : Mapping filter: 'characterEncodingFilter' to: [/*]
2018-06-25 00:21:00.855  INFO 17912 --- [localhost-startStop-1] o.s.b.w.servlet.FilterRegistrationBean   : Mapping filter: 'hiddenHttpMethodFilter' to: [/*]
2018-06-25 00:21:00.857  INFO 17912 --- [localhost-startStop-1] o.s.b.w.servlet.FilterRegistrationBean   : Mapping filter: 'httpPutFormContentFilter' to: [/*]
2018-06-25 00:21:00.860  INFO 17912 --- [localhost-startStop-1] o.s.b.w.servlet.FilterRegistrationBean   : Mapping filter: 'requestContextFilter' to: [/*]
2018-06-25 00:21:00.920  INFO 17912 --- [main] com.ingenico.epayments.config.AppConfig  : -------Start : DataSource config-------------------------
2018-06-25 00:21:00.929  INFO 17912 --- [main] o.s.j.d.DriverManagerDataSource          : Loaded JDBC driver: com.mysql.jdbc.Driver
2018-06-25 00:21:00.930  INFO 17912 --- [main] com.ingenico.epayments.config.AppConfig  : -------End : DataSource config-------------------------
2018-06-25 00:21:01.080  INFO 17912 --- [main] o.s.w.s.handler.SimpleUrlHandlerMapping  : Mapped URL path [/**/favicon.ico] onto handler of type [class org.springframework.web.servlet.resource.ResourceHttpRequestHandler]
2018-06-25 00:21:01.277  INFO 17912 --- [main] s.w.s.m.m.a.RequestMappingHandlerAdapter : Looking for @ControllerAdvice: org.springframework.boot.web.servlet.context.AnnotationConfigServletWebServerApplicationContext@11398412: startup date [Mon Jun 25 00:20:59 CEST 2018]; root of context hierarchy
2018-06-25 00:21:01.358  INFO 17912 --- [main] s.w.s.m.m.a.RequestMappingHandlerMapping : Mapped "{[/account/create],methods=[POST]}" onto public org.springframework.http.ResponseEntity<?> com.ingenico.epayments.controller.AccountRestController.createAccount(com.ingenico.epayments.model.Account)
2018-06-25 00:21:01.362  INFO 17912 --- [main] s.w.s.m.m.a.RequestMappingHandlerMapping : Mapped "{[/transfer/money],methods=[POST]}" onto public org.springframework.http.ResponseEntity<?> com.ingenico.epayments.controller.TransferRestController.transferMoney(com.ingenico.epayments.model.Transaction)
2018-06-25 00:21:01.365  INFO 17912 --- [main] s.w.s.m.m.a.RequestMappingHandlerMapping : Mapped "{[/error]}" onto public org.springframework.http.ResponseEntity<java.util.Map<java.lang.String, java.lang.Object>> org.springframework.boot.autoconfigure.web.servlet.error.BasicErrorController.error(javax.servlet.http.HttpServletRequest)
2018-06-25 00:21:01.370  INFO 17912 --- [main] s.w.s.m.m.a.RequestMappingHandlerMapping : Mapped "{[/error],produces=[text/html]}" onto public org.springframework.web.servlet.ModelAndView org.springframework.boot.autoconfigure.web.servlet.error.BasicErrorController.errorHtml(javax.servlet.http.HttpServletRequest,javax.servlet.http.HttpServletResponse)
2018-06-25 00:21:01.401  INFO 17912 --- [main] o.s.w.s.handler.SimpleUrlHandlerMapping  : Mapped URL path [/webjars/**] onto handler of type [class org.springframework.web.servlet.resource.ResourceHttpRequestHandler]
2018-06-25 00:21:01.403  INFO 17912 --- [main] o.s.w.s.handler.SimpleUrlHandlerMapping  : Mapped URL path [/**] onto handler of type [class org.springframework.web.servlet.resource.ResourceHttpRequestHandler]
2018-06-25 00:21:01.683  INFO 17912 --- [main] o.s.j.e.a.AnnotationMBeanExporter        : Registering beans for JMX exposure on startup
2018-06-25 00:21:01.710 ERROR 17912 --- [main] o.apache.catalina.core.StandardService   : Failed to start connector [Connector[HTTP/1.1-8092]]

org.apache.catalina.LifecycleException: Failed to start component [Connector[HTTP/1.1-8092]]
	at org.apache.catalina.util.LifecycleBase.start(LifecycleBase.java:167) ~[tomcat-embed-core-8.5.31.jar:8.5.31]
	at org.apache.catalina.core.StandardService.addConnector(StandardService.java:225) ~[tomcat-embed-core-8.5.31.jar:8.5.31]
	at org.springframework.boot.web.embedded.tomcat.TomcatWebServer.addPreviouslyRemovedConnectors(TomcatWebServer.java:256) [spring-boot-2.0.3.RELEASE.jar:2.0.3.RELEASE]
	at org.springframework.boot.web.embedded.tomcat.TomcatWebServer.start(TomcatWebServer.java:198) [spring-boot-2.0.3.RELEASE.jar:2.0.3.RELEASE]
	at org.springframework.boot.web.servlet.context.ServletWebServerApplicationContext.startWebServer(ServletWebServerApplicationContext.java:300) [spring-boot-2.0.3.RELEASE.jar:2.0.3.RELEASE]
	at org.springframework.boot.web.servlet.context.ServletWebServerApplicationContext.finishRefresh(ServletWebServerApplicationContext.java:162) [spring-boot-2.0.3.RELEASE.jar:2.0.3.RELEASE]
	at org.springframework.context.support.AbstractApplicationContext.refresh(AbstractApplicationContext.java:553) [spring-context-5.0.7.RELEASE.jar:5.0.7.RELEASE]
	at org.springframework.boot.web.servlet.context.ServletWebServerApplicationContext.refresh(ServletWebServerApplicationContext.java:140) [spring-boot-2.0.3.RELEASE.jar:2.0.3.RELEASE]
	at org.springframework.boot.SpringApplication.refresh(SpringApplication.java:759) [spring-boot-2.0.3.RELEASE.jar:2.0.3.RELEASE]
	at org.springframework.boot.SpringApplication.refreshContext(SpringApplication.java:395) [spring-boot-2.0.3.RELEASE.jar:2.0.3.RELEASE]
	at org.springframework.boot.SpringApplication.run(SpringApplication.java:327) [spring-boot-2.0.3.RELEASE.jar:2.0.3.RELEASE]
	at org.springframework.boot.SpringApplication.run(SpringApplication.java:1255) [spring-boot-2.0.3.RELEASE.jar:2.0.3.RELEASE]
	at org.springframework.boot.SpringApplication.run(SpringApplication.java:1243) [spring-boot-2.0.3.RELEASE.jar:2.0.3.RELEASE]
	at com.ingenico.epayments.EpaymentApplication.main(EpaymentApplication.java:21) [classes/:na]
	at sun.reflect.NativeMethodAccessorImpl.invoke0(Native Method) ~[na:1.8.0_162]
	at sun.reflect.NativeMethodAccessorImpl.invoke(NativeMethodAccessorImpl.java:62) ~[na:1.8.0_162]
	at sun.reflect.DelegatingMethodAccessorImpl.invoke(DelegatingMethodAccessorImpl.java:43) ~[na:1.8.0_162]
	at java.lang.reflect.Method.invoke(Method.java:498) ~[na:1.8.0_162]
	at org.springframework.boot.maven.AbstractRunMojo$LaunchRunner.run(AbstractRunMojo.java:496) [spring-boot-maven-plugin-2.0.3.RELEASE.jar:2.0.3.RELEASE]
	at java.lang.Thread.run(Thread.java:748) [na:1.8.0_162]
Caused by: org.apache.catalina.LifecycleException: Protocol handler start failed
	at org.apache.catalina.connector.Connector.startInternal(Connector.java:1020) ~[tomcat-embed-core-8.5.31.jar:8.5.31]
	at org.apache.catalina.util.LifecycleBase.start(LifecycleBase.java:150) ~[tomcat-embed-core-8.5.31.jar:8.5.31]
	... 19 common frames omitted
Caused by: java.net.BindException: Address already in use: bind
	at sun.nio.ch.Net.bind0(Native Method) ~[na:1.8.0_162]
	at sun.nio.ch.Net.bind(Net.java:433) ~[na:1.8.0_162]
	at sun.nio.ch.Net.bind(Net.java:425) ~[na:1.8.0_162]
	at sun.nio.ch.ServerSocketChannelImpl.bind(ServerSocketChannelImpl.java:223) ~[na:1.8.0_162]
	at sun.nio.ch.ServerSocketAdaptor.bind(ServerSocketAdaptor.java:74) ~[na:1.8.0_162]
	at org.apache.tomcat.util.net.NioEndpoint.bind(NioEndpoint.java:210) ~[tomcat-embed-core-8.5.31.jar:8.5.31]
	at org.apache.tomcat.util.net.AbstractEndpoint.start(AbstractEndpoint.java:1150) ~[tomcat-embed-core-8.5.31.jar:8.5.31]
	at org.apache.coyote.AbstractProtocol.start(AbstractProtocol.java:591) ~[tomcat-embed-core-8.5.31.jar:8.5.31]
	at org.apache.catalina.connector.Connector.startInternal(Connector.java:1018) ~[tomcat-embed-core-8.5.31.jar:8.5.31]
	... 20 common frames omitted

2018-06-25 00:21:01.774  INFO 17912 --- [main] o.apache.catalina.core.StandardService   : Stopping service [Tomcat]
2018-06-25 00:21:01.790  INFO 17912 --- [main] ConditionEvaluationReportLoggingListener : 

Error starting ApplicationContext. To display the conditions report re-run your application with 'debug' enabled.
2018-06-25 00:21:01.796 ERROR 17912 --- [main] o.s.b.d.LoggingFailureAnalysisReporter   : 

***************************
APPLICATION FAILED TO START
***************************

Description:

The Tomcat connector configured to listen on port 8092 failed to start. The port may already be in use or the connector may be misconfigured.

Action:

Verify the connector's configuration, identify and stop any process that's listening on port 8092, or configure this application to listen on another port.

2018-06-25 00:21:01.816  INFO 17912 --- [main] ConfigServletWebServerApplicationContext : Closing org.springframework.boot.web.servlet.context.AnnotationConfigServletWebServerApplicationContext@11398412: startup date [Mon Jun 25 00:20:59 CEST 2018]; root of context hierarchy
2018-06-25 00:21:01.824  INFO 17912 --- [main] o.s.j.e.a.AnnotationMBeanExporter        : Unregistering JMX-exposed beans on shutdown
2018-06-25 00:21:29.136  INFO 11552 --- [main] c.i.epayments.EpaymentApplication        : Starting EpaymentApplication on DESKTOP-55TQD4S with PID 11552 (C:\Mukesh\git\ingenico\epayment\target\classes started by Devoteam in C:\Mukesh\git\ingenico\epayment)
2018-06-25 00:21:29.142  INFO 11552 --- [main] c.i.epayments.EpaymentApplication        : No active profile set, falling back to default profiles: default
2018-06-25 00:21:29.190  INFO 11552 --- [main] ConfigServletWebServerApplicationContext : Refreshing org.springframework.boot.web.servlet.context.AnnotationConfigServletWebServerApplicationContext@71607c62: startup date [Mon Jun 25 00:21:29 CEST 2018]; root of context hierarchy
2018-06-25 00:21:30.163  INFO 11552 --- [main] trationDelegate$BeanPostProcessorChecker : Bean 'org.springframework.ws.config.annotation.DelegatingWsConfiguration' of type [org.springframework.ws.config.annotation.DelegatingWsConfiguration$$EnhancerBySpringCGLIB$$62da5477] is not eligible for getting processed by all BeanPostProcessors (for example: not eligible for auto-proxying)
2018-06-25 00:21:30.203  INFO 11552 --- [main] .w.s.a.s.AnnotationActionEndpointMapping : Supporting [WS-Addressing August 2004, WS-Addressing 1.0]
2018-06-25 00:21:30.643  INFO 11552 --- [main] o.s.b.w.embedded.tomcat.TomcatWebServer  : Tomcat initialized with port(s): 8092 (http)
2018-06-25 00:21:30.674  INFO 11552 --- [main] o.apache.catalina.core.StandardService   : Starting service [Tomcat]
2018-06-25 00:21:30.675  INFO 11552 --- [main] org.apache.catalina.core.StandardEngine  : Starting Servlet Engine: Apache Tomcat/8.5.31
2018-06-25 00:21:30.687  INFO 11552 --- [localhost-startStop-1] o.a.catalina.core.AprLifecycleListener   : The APR based Apache Tomcat Native library which allows optimal performance in production environments was not found on the java.library.path: [C:\Program Files\Java\jdk1.8.0_162\bin;C:\WINDOWS\Sun\Java\bin;C:\WINDOWS\system32;C:\WINDOWS;C:\tibco\tibrv\8.4\bin;C:\ProgramData\Oracle\Java\javapath;C:\Program Files (x86)\Intel\iCLS Client\;C:\Program Files\Intel\iCLS Client\;C:\Windows\system32;C:\Windows;C:\Windows\System32\Wbem;C:\Windows\System32\WindowsPowerShell\v1.0\;C:\Program Files (x86)\Intel\Intel(R) Management Engine Components\DAL;C:\Program Files\Intel\Intel(R) Management Engine Components\DAL;C:\Program Files (x86)\Intel\Intel(R) Management Engine Components\IPT;C:\Program Files\Intel\Intel(R) Management Engine Components\IPT;C:\Program Files (x86)\NVIDIA Corporation\PhysX\Common;C:\Users\Devoteam\AppData\Local\Temp\LRE3CEC.tmp\bin;C:\Program Files\Git\cmd;C:\Program Files\apache-maven-3.5.3\bin;C:\Program Files\Java\jdk1.8.0_162;C:\Program Files\Java\jdk1.8.0_162\bin;C:\Program Files\Java\jre1.7.0_80\bin;C:\WINDOWS\system32;C:\WINDOWS;C:\WINDOWS\System32\Wbem;C:\WINDOWS\System32\WindowsPowerShell\v1.0\;C:\WINDOWS\System32\OpenSSH\;C:\sw\minishift-1.15.1-windows-amd64;C:\Users\Devoteam\AppData\Local\Microsoft\WindowsApps;C:\ProgramData\Devoteam\GitHubDesktop\bin;C:\Users\Devoteam\AppData\Local\GitHubDesktop\bin;.]
2018-06-25 00:21:30.844  INFO 11552 --- [localhost-startStop-1] o.a.c.c.C.[Tomcat].[localhost].[/]       : Initializing Spring embedded WebApplicationContext
2018-06-25 00:21:30.845  INFO 11552 --- [localhost-startStop-1] o.s.web.context.ContextLoader            : Root WebApplicationContext: initialization completed in 1655 ms
2018-06-25 00:21:31.026  INFO 11552 --- [localhost-startStop-1] o.s.b.w.servlet.ServletRegistrationBean  : Servlet dispatcherServlet mapped to [/]
2018-06-25 00:21:31.029  INFO 11552 --- [localhost-startStop-1] o.s.b.w.servlet.ServletRegistrationBean  : Servlet messageDispatcherServlet mapped to [/services/*]
2018-06-25 00:21:31.032  INFO 11552 --- [localhost-startStop-1] o.s.b.w.servlet.FilterRegistrationBean   : Mapping filter: 'characterEncodingFilter' to: [/*]
2018-06-25 00:21:31.037  INFO 11552 --- [localhost-startStop-1] o.s.b.w.servlet.FilterRegistrationBean   : Mapping filter: 'hiddenHttpMethodFilter' to: [/*]
2018-06-25 00:21:31.039  INFO 11552 --- [localhost-startStop-1] o.s.b.w.servlet.FilterRegistrationBean   : Mapping filter: 'httpPutFormContentFilter' to: [/*]
2018-06-25 00:21:31.041  INFO 11552 --- [localhost-startStop-1] o.s.b.w.servlet.FilterRegistrationBean   : Mapping filter: 'requestContextFilter' to: [/*]
2018-06-25 00:21:31.098  INFO 11552 --- [main] com.ingenico.epayments.config.AppConfig  : -------Start : DataSource config-------------------------
2018-06-25 00:21:31.109  INFO 11552 --- [main] o.s.j.d.DriverManagerDataSource          : Loaded JDBC driver: com.mysql.jdbc.Driver
2018-06-25 00:21:31.111  INFO 11552 --- [main] com.ingenico.epayments.config.AppConfig  : -------End : DataSource config-------------------------
2018-06-25 00:21:31.282  INFO 11552 --- [main] o.s.w.s.handler.SimpleUrlHandlerMapping  : Mapped URL path [/**/favicon.ico] onto handler of type [class org.springframework.web.servlet.resource.ResourceHttpRequestHandler]
2018-06-25 00:21:31.506  INFO 11552 --- [main] s.w.s.m.m.a.RequestMappingHandlerAdapter : Looking for @ControllerAdvice: org.springframework.boot.web.servlet.context.AnnotationConfigServletWebServerApplicationContext@71607c62: startup date [Mon Jun 25 00:21:29 CEST 2018]; root of context hierarchy
2018-06-25 00:21:31.588  INFO 11552 --- [main] s.w.s.m.m.a.RequestMappingHandlerMapping : Mapped "{[/account/create],methods=[POST]}" onto public org.springframework.http.ResponseEntity<?> com.ingenico.epayments.controller.AccountRestController.createAccount(com.ingenico.epayments.model.Account)
2018-06-25 00:21:31.593  INFO 11552 --- [main] s.w.s.m.m.a.RequestMappingHandlerMapping : Mapped "{[/transfer/money],methods=[POST]}" onto public org.springframework.http.ResponseEntity<?> com.ingenico.epayments.controller.TransferRestController.transferMoney(com.ingenico.epayments.model.Transaction)
2018-06-25 00:21:31.599  INFO 11552 --- [main] s.w.s.m.m.a.RequestMappingHandlerMapping : Mapped "{[/error]}" onto public org.springframework.http.ResponseEntity<java.util.Map<java.lang.String, java.lang.Object>> org.springframework.boot.autoconfigure.web.servlet.error.BasicErrorController.error(javax.servlet.http.HttpServletRequest)
2018-06-25 00:21:31.606  INFO 11552 --- [main] s.w.s.m.m.a.RequestMappingHandlerMapping : Mapped "{[/error],produces=[text/html]}" onto public org.springframework.web.servlet.ModelAndView org.springframework.boot.autoconfigure.web.servlet.error.BasicErrorController.errorHtml(javax.servlet.http.HttpServletRequest,javax.servlet.http.HttpServletResponse)
2018-06-25 00:21:31.636  INFO 11552 --- [main] o.s.w.s.handler.SimpleUrlHandlerMapping  : Mapped URL path [/webjars/**] onto handler of type [class org.springframework.web.servlet.resource.ResourceHttpRequestHandler]
2018-06-25 00:21:31.638  INFO 11552 --- [main] o.s.w.s.handler.SimpleUrlHandlerMapping  : Mapped URL path [/**] onto handler of type [class org.springframework.web.servlet.resource.ResourceHttpRequestHandler]
2018-06-25 00:21:31.926  INFO 11552 --- [main] o.s.j.e.a.AnnotationMBeanExporter        : Registering beans for JMX exposure on startup
2018-06-25 00:21:31.993  INFO 11552 --- [main] o.s.b.w.embedded.tomcat.TomcatWebServer  : Tomcat started on port(s): 8092 (http) with context path ''
2018-06-25 00:21:32.000  INFO 11552 --- [main] c.i.epayments.EpaymentApplication        : Started EpaymentApplication in 3.201 seconds (JVM running for 6.785)
2018-06-25 00:21:44.334  INFO 11552 --- [http-nio-8092-exec-3] o.a.c.c.C.[Tomcat].[localhost].[/]       : Initializing Spring FrameworkServlet 'dispatcherServlet'
2018-06-25 00:21:44.336  INFO 11552 --- [http-nio-8092-exec-3] o.s.web.servlet.DispatcherServlet        : FrameworkServlet 'dispatcherServlet': initialization started
2018-06-25 00:21:44.358  INFO 11552 --- [http-nio-8092-exec-3] o.s.web.servlet.DispatcherServlet        : FrameworkServlet 'dispatcherServlet': initialization completed in 19 ms
2018-06-25 00:21:44.717  INFO 11552 --- [http-nio-8092-exec-3] c.i.e.controller.TransferRestController  : Money Transferred Successfully!!Transaction [currencyCode=EUR, amount=20.0000, fromAccountId=3001, toAccountId=3003]
